-------------------------------------------------------------------------------
Test set: edu.coursera.distributed.SparkTest
-------------------------------------------------------------------------------
Tests run: 6, Failures: 5, Errors: 0, Skipped: 0, Time elapsed: 327.385 sec <<< FAILURE! - in edu.coursera.distributed.SparkTest
testIncreasingTwentyThousand(edu.coursera.distributed.SparkTest)  Time elapsed: 40.468 sec  <<< FAILURE!
junit.framework.AssertionFailedError: Expected at least 1.35x speedup, but only saw 1.2878994987958081x. Sequential time = 19786 ms, parallel time = 15363 ms
	at junit.framework.Assert.fail(Assert.java:47)
	at junit.framework.Assert.assertTrue(Assert.java:20)
	at edu.coursera.distributed.SparkTest.testDriver(SparkTest.java:229)
	at edu.coursera.distributed.SparkTest.testIncreasingTwentyThousand(SparkTest.java:261)

testIncreasingFiftyThousand(edu.coursera.distributed.SparkTest)  Time elapsed: 69.933 sec  <<< FAILURE!
junit.framework.AssertionFailedError: Expected at least 1.35x speedup, but only saw 1.3485582624606105x. Sequential time = 39800 ms, parallel time = 29513 ms
	at junit.framework.Assert.fail(Assert.java:47)
	at junit.framework.Assert.assertTrue(Assert.java:20)
	at edu.coursera.distributed.SparkTest.testDriver(SparkTest.java:229)
	at edu.coursera.distributed.SparkTest.testIncreasingFiftyThousand(SparkTest.java:272)

testUniformTwentyThousand(edu.coursera.distributed.SparkTest)  Time elapsed: 35.949 sec  <<< FAILURE!
junit.framework.AssertionFailedError: Expected at least 1.35x speedup, but only saw 1.2690537084398976x. Sequential time = 19848 ms, parallel time = 15640 ms
	at junit.framework.Assert.fail(Assert.java:47)
	at junit.framework.Assert.assertTrue(Assert.java:20)
	at edu.coursera.distributed.SparkTest.testDriver(SparkTest.java:229)
	at edu.coursera.distributed.SparkTest.testUniformTwentyThousand(SparkTest.java:239)

testRandomTwentyThousand(edu.coursera.distributed.SparkTest)  Time elapsed: 29.37 sec  <<< FAILURE!
junit.framework.AssertionFailedError: Expected at least 1.35x speedup, but only saw 1.1758415543339107x. Sequential time = 15614 ms, parallel time = 13279 ms
	at junit.framework.Assert.fail(Assert.java:47)
	at junit.framework.Assert.assertTrue(Assert.java:20)
	at edu.coursera.distributed.SparkTest.testDriver(SparkTest.java:229)
	at edu.coursera.distributed.SparkTest.testRandomTwentyThousand(SparkTest.java:283)

testRandomFiftyThousand(edu.coursera.distributed.SparkTest)  Time elapsed: 68.985 sec  <<< FAILURE!
junit.framework.AssertionFailedError: Expected at least 1.35x speedup, but only saw 1.3199904855754527x. Sequential time = 38846 ms, parallel time = 29429 ms
	at junit.framework.Assert.fail(Assert.java:47)
	at junit.framework.Assert.assertTrue(Assert.java:20)
	at edu.coursera.distributed.SparkTest.testDriver(SparkTest.java:229)
	at edu.coursera.distributed.SparkTest.testRandomFiftyThousand(SparkTest.java:294)

